abduco
abs
ack
acpi
adobe-source-code-pro-fonts
alsa-utils
aws-cli
bind-tools
bluez
bluez-utils
borg
clang
colordiff
compton
dmidecode
docker-compose
dosfstools
dvtm
faenza-icon-theme
feh
firefox
fish
gitg
gnome-panel
gnu-netcat
go
gpaste
htop
i3-wm
i3lock
i3status
imagemagick
intel-ucode
jq
libqalculate
lightdm-gtk-greeter
lm_sensors
lxappearance
msmtp
ncmpcpp
offlineimap
openssh
pass
playerctl
powerline-fonts
powertop
pv
python-pip
rkt
rofi
rustup
rxvt-unicode
scrot
shellcheck
siege
slock
st
stow
strace
tcpdump
terminus-font
termite
the_silver_searcher
tig
tlp
tmux
ttf-hack
ttf-inconsolata
udiskie
unzip
vagrant
wireshark-gtk
wpa_actiond
xautolock
xdo
xdotool
xorg-docs
xorg-fonts-100dpi
xorg-fonts-75dpi
xorg-iceauth
xorg-luit
xorg-server
xorg-server-devel
xorg-server-xdmx
xorg-server-xephyr
xorg-server-xnest
xorg-server-xvfb
xorg-server-xwayland
xorg-sessreg
xorg-smproxy
xorg-x11perf
xorg-xcmsdb
xorg-xcursorgen
xorg-xdpyinfo
xorg-xdriinfo
xorg-xev
xorg-xgamma
xorg-xhost
xorg-xinit
xorg-xinput
xorg-xkbevd
xorg-xkbutils
xorg-xkill
xorg-xlsatoms
xorg-xlsclients
xorg-xpr
xorg-xprop
xorg-xrefresh
xorg-xsetroot
xorg-xwd
xorg-xwininfo
xorg-xwud
zsh-completions
